\BOOKMARK [0][-]{section*.1}{\376\377\000D\000e\000c\000l\000a\000r\000a\000t\000i\000o\000n\000\040\000o\000f\000\040\000A\000u\000t\000h\000o\000r\000s\000h\000i\000p}{}% 1
\BOOKMARK [0][-]{section*.2}{\376\377\000A\000b\000s\000t\000r\000a\000c\000t}{}% 2
\BOOKMARK [0][-]{section*.3}{\376\377\000A\000c\000k\000n\000o\000w\000l\000e\000d\000g\000e\000m\000e\000n\000t\000s}{}% 3
\BOOKMARK [0][-]{chapter.14}{\376\377\000I\000n\000t\000r\000o\000d\000u\000c\000t\000i\000o\000n}{}% 4
\BOOKMARK [1][-]{section.15}{\376\377\000M\000e\000t\000r\000i\000c\000s}{chapter.14}% 5
\BOOKMARK [2][-]{subsection.16}{\376\377\000D\000e\000f\000i\000n\000i\000t\000i\000o\000n}{section.15}% 6
\BOOKMARK [2][-]{subsection.18}{\376\377\000M\000e\000t\000r\000i\000c\000s\000\040\000P\000r\000o\000p\000e\000r\000t\000i\000e\000s}{section.15}% 7
\BOOKMARK [3][-]{subsubsection.19}{\376\377\000N\000o\000n\000-\000n\000e\000g\000a\000t\000i\000v\000i\000t\000y}{subsection.18}% 8
\BOOKMARK [3][-]{subsubsection.21}{\376\377\000I\000d\000e\000n\000t\000i\000t\000y\000\040\000o\000f\000\040\000I\000n\000d\000i\000s\000c\000e\000r\000n\000i\000b\000l\000e\000s}{subsection.18}% 9
\BOOKMARK [3][-]{subsubsection.23}{\376\377\000S\000y\000m\000m\000e\000t\000r\000y}{subsection.18}% 10
\BOOKMARK [3][-]{subsubsection.25}{\376\377\000S\000u\000b\000-\000a\000d\000d\000i\000t\000i\000v\000i\000t\000y\000\040\000\050\000T\000r\000i\000a\000n\000g\000l\000e\000\040\000I\000n\000e\000q\000u\000a\000l\000i\000t\000y\000\051}{subsection.18}% 11
\BOOKMARK [2][-]{subsection.27}{\376\377\000S\000e\000m\000i\000-\000m\000e\000t\000r\000i\000c\000s}{section.15}% 12
\BOOKMARK [2][-]{subsection.28}{\376\377\000P\000s\000e\000u\000d\000o\000-\000m\000e\000t\000r\000i\000c\000s}{section.15}% 13
\BOOKMARK [1][-]{section.30}{\376\377\000M\000e\000t\000r\000i\000c\000\040\000L\000e\000a\000r\000n\000i\000n\000g}{chapter.14}% 14
\BOOKMARK [1][-]{section.31}{\376\377\000B\000i\000n\000-\000t\000o\000-\000B\000i\000n\000\040\000\046\000\040\000C\000r\000o\000s\000s\000-\000B\000i\000n\000\040\000M\000e\000t\000r\000i\000c\000s}{chapter.14}% 15
\BOOKMARK [1][-]{section.32}{\376\377\000M\000a\000h\000a\000l\000a\000n\000o\000b\000i\000s\000\040\000D\000i\000s\000t\000a\000n\000c\000e}{chapter.14}% 16
\BOOKMARK [1][-]{section.35}{\376\377\000R\000e\000l\000a\000t\000e\000d\000\040\000W\000o\000r\000k}{chapter.14}% 17
\BOOKMARK [1][-]{section.36}{\376\377\000C\000o\000n\000t\000r\000i\000b\000u\000t\000i\000o\000n}{chapter.14}% 18
\BOOKMARK [0][-]{chapter.37}{\376\377\000I\000D\000\040\000E\000m\000b\000e\000d\000d\000i\000n\000g}{}% 19
\BOOKMARK [1][-]{section.38}{\376\377\000D\000i\000s\000c\000r\000e\000t\000i\000z\000a\000t\000i\000o\000n}{chapter.37}% 20
\BOOKMARK [1][-]{section.39}{\376\377\000I\000n\000t\000e\000r\000p\000o\000l\000a\000t\000i\000o\000n}{chapter.37}% 21
\BOOKMARK [1][-]{section.42}{\376\377\000A\000s\000s\000i\000g\000n\000i\000n\000g}{chapter.37}% 22
\BOOKMARK [0][-]{chapter.65}{\376\377\000I\000n\000t\000e\000r\000p\000o\000l\000a\000t\000e\000d\000\040\000D\000i\000s\000c\000r\000e\000t\000i\000z\000e\000d\000\040\000o\000b\000j\000e\000c\000t\000\040\000p\000a\000i\000r\000s\000\040\000e\000m\000b\000e\000d\000d\000i\000n\000g}{}% 23
\BOOKMARK [1][-]{section.66}{\376\377\0001\000D\000\040\000c\000a\000s\000e}{chapter.65}% 24
\BOOKMARK [2][-]{subsection.69}{\376\377\000D\000i\000s\000c\000r\000e\000t\000i\000z\000a\000t\000i\000o\000n}{section.66}% 25
\BOOKMARK [2][-]{subsection.71}{\376\377\000I\000n\000t\000e\000r\000p\000o\000l\000a\000t\000i\000o\000n}{section.66}% 26
\BOOKMARK [3][-]{subsubsection.77}{\376\377\000I\000n\000t\000e\000r\000p\000o\000l\000a\000t\000i\000o\000n\000\040\000C\000o\000e\000f\000f\000i\000c\000i\000e\000n\000t\000s\000\040\000e\000x\000t\000r\000a\000c\000t\000i\000o\000n\000\040\000-\000\040\0001\000D}{subsection.71}% 27
\BOOKMARK [2][-]{subsection.78}{\376\377\000A\000s\000s\000i\000g\000n\000i\000n\000g}{section.66}% 28
\BOOKMARK [1][-]{section.79}{\376\377\000m\000u\000l\000t\000i\000d\000i\000m\000e\000n\000s\000i\000o\000n\000a\000l\000\040\000c\000a\000s\000e}{chapter.65}% 29
\BOOKMARK [2][-]{subsection.80}{\376\377\000D\000i\000s\000c\000r\000e\000t\000i\000z\000a\000t\000i\000o\000n}{section.79}% 30
\BOOKMARK [2][-]{subsection.81}{\376\377\000I\000n\000t\000e\000r\000p\000o\000l\000a\000t\000i\000o\000n}{section.79}% 31
\BOOKMARK [2][-]{subsection.82}{\376\377\000A\000s\000s\000i\000g\000n\000i\000n\000g}{section.79}% 32
\BOOKMARK [0][-]{chapter.83}{\376\377\000I\000n\000t\000e\000r\000p\000o\000l\000a\000t\000e\000d\000\040\000D\000i\000s\000c\000r\000e\000t\000i\000z\000e\000d\000\040\000S\000i\000n\000g\000l\000e\000\040\000o\000b\000j\000e\000c\000t\000s\000\040\000E\000m\000b\000e\000d\000d\000i\000n\000g}{}% 33
\BOOKMARK [1][-]{section.84}{\376\377\000W\000e\000l\000c\000o\000m\000e\000\040\000a\000n\000d\000\040\000T\000h\000a\000n\000k\000\040\000Y\000o\000u}{chapter.83}% 34
\BOOKMARK [1][-]{section.85}{\376\377\000L\000e\000a\000r\000n\000i\000n\000g\000\040\000a\000l\000g\000e\000b\000r\000a\000\040\0001\000m\000u\0007\000\040\000.\0002\000m\000u\000\040\0004\000.\0002\000m\000u\000.\0001\000m\000u}{chapter.83}% 35
\BOOKMARK [2][-]{subsection.86}{\376\377\000A\000\040\000\050\000n\000o\000t\000\040\000s\000o\000\040\000s\000h\000o\000r\000t\000\051\000\040\000I\000n\000t\000r\000o\000d\000u\000c\000t\000i\000o\000n\000\040\000t\000o\000\040\000L\000a\000T\000e\000X\000d}{section.85}% 36
\BOOKMARK [2][-]{subsection.87}{\376\377\000A\000\040\000S\000h\000o\000r\000t\000\040\000M\000a\000t\000h\000\040\000G\000u\000i\000d\000e\000\040\000f\000o\000r\000\040\000L\000a\000T\000e\000X}{section.85}% 37
\BOOKMARK [2][-]{subsection.88}{\376\377\000C\000o\000m\000m\000o\000n\000\040\000L\000a\000T\000e\000X\000\040\000M\000a\000t\000h\000\040\000S\000y\000m\000b\000o\000l\000s}{section.85}% 38
\BOOKMARK [2][-]{subsection.111}{\376\377\000L\000a\000T\000e\000X\000\040\000o\000n\000\040\000a\000\040\000M\000a\000c}{section.85}% 39
\BOOKMARK [1][-]{section.112}{\376\377\000G\000e\000t\000t\000i\000n\000g\000\040\000S\000t\000a\000r\000t\000e\000d\000\040\000w\000i\000t\000h\000\040\000t\000h\000i\000s\000\040\000T\000e\000m\000p\000l\000a\000t\000e}{chapter.83}% 40
\BOOKMARK [2][-]{subsection.113}{\376\377\000A\000b\000o\000u\000t\000\040\000t\000h\000i\000s\000\040\000T\000e\000m\000p\000l\000a\000t\000e}{section.112}% 41
\BOOKMARK [1][-]{section.114}{\376\377\000W\000h\000a\000t\000\040\000t\000h\000i\000s\000\040\000T\000e\000m\000p\000l\000a\000t\000e\000\040\000I\000n\000c\000l\000u\000d\000e\000s}{chapter.83}% 42
\BOOKMARK [2][-]{subsection.115}{\376\377\000F\000o\000l\000d\000e\000r\000s}{section.114}% 43
\BOOKMARK [2][-]{subsection.116}{\376\377\000F\000i\000l\000e\000s}{section.114}% 44
\BOOKMARK [1][-]{section.117}{\376\377\000F\000i\000l\000l\000i\000n\000g\000\040\000i\000n\000\040\000Y\000o\000u\000r\000\040\000I\000n\000f\000o\000r\000m\000a\000t\000i\000o\000n\000\040\000i\000n\000\040\000t\000h\000e\000\040\000m\000a\000i\000n\000.\000t\000e\000x\000\040\000F\000i\000l\000e}{chapter.83}% 45
\BOOKMARK [1][-]{section.118}{\376\377\000T\000h\000e\000\040\000m\000a\000i\000n\000.\000t\000e\000x\000\040\000F\000i\000l\000e\000\040\000E\000x\000p\000l\000a\000i\000n\000e\000d}{chapter.83}% 46
\BOOKMARK [1][-]{section.119}{\376\377\000T\000h\000e\000s\000i\000s\000\040\000F\000e\000a\000t\000u\000r\000e\000s\000\040\000a\000n\000d\000\040\000C\000o\000n\000v\000e\000n\000t\000i\000o\000n\000s}{chapter.83}% 47
\BOOKMARK [2][-]{subsection.120}{\376\377\000P\000r\000i\000n\000t\000i\000n\000g\000\040\000F\000o\000r\000m\000a\000t}{section.119}% 48
\BOOKMARK [2][-]{subsection.121}{\376\377\000U\000s\000i\000n\000g\000\040\000U\000S\000\040\000L\000e\000t\000t\000e\000r\000\040\000P\000a\000p\000e\000r}{section.119}% 49
\BOOKMARK [2][-]{subsection.122}{\376\377\000R\000e\000f\000e\000r\000e\000n\000c\000e\000s}{section.119}% 50
\BOOKMARK [3][-]{subsubsection.124}{\376\377\000A\000\040\000N\000o\000t\000e\000\040\000o\000n\000\040\000b\000i\000b\000t\000e\000x}{subsection.122}% 51
\BOOKMARK [2][-]{subsection.125}{\376\377\000T\000a\000b\000l\000e\000s}{section.119}% 52
\BOOKMARK [2][-]{subsection.127}{\376\377\000F\000i\000g\000u\000r\000e\000s}{section.119}% 53
\BOOKMARK [2][-]{subsection.129}{\376\377\000T\000y\000p\000e\000s\000e\000t\000t\000i\000n\000g\000\040\000m\000a\000t\000h\000e\000m\000a\000t\000i\000c\000s}{section.119}% 54
\BOOKMARK [1][-]{section.131}{\376\377\000S\000e\000c\000t\000i\000o\000n\000i\000n\000g\000\040\000a\000n\000d\000\040\000S\000u\000b\000s\000e\000c\000t\000i\000o\000n\000i\000n\000g}{chapter.83}% 55
\BOOKMARK [1][-]{section.132}{\376\377\000I\000n\000\040\000C\000l\000o\000s\000i\000n\000g}{chapter.83}% 56
\BOOKMARK [0][-]{chapter.133}{\376\377\000T\000i\000m\000e\000\040\000C\000o\000m\000p\000l\000e\000x\000i\000t\000y}{}% 57
\BOOKMARK [1][-]{section.134}{\376\377\000W\000e\000l\000c\000o\000m\000e\000\040\000a\000n\000d\000\040\000T\000h\000a\000n\000k\000\040\000Y\000o\000u}{chapter.133}% 58
\BOOKMARK [1][-]{section.135}{\376\377\000L\000e\000a\000r\000n\000i\000n\000g\000\040\000a\000l\000g\000e\000b\000r\000a\000\040\0001\000m\000u\0007\000\040\000.\0002\000m\000u\000\040\0004\000.\0002\000m\000u\000.\0001\000m\000u}{chapter.133}% 59
\BOOKMARK [2][-]{subsection.136}{\376\377\000A\000\040\000\050\000n\000o\000t\000\040\000s\000o\000\040\000s\000h\000o\000r\000t\000\051\000\040\000I\000n\000t\000r\000o\000d\000u\000c\000t\000i\000o\000n\000\040\000t\000o\000\040\000L\000a\000T\000e\000X\000d}{section.135}% 60
\BOOKMARK [2][-]{subsection.137}{\376\377\000A\000\040\000S\000h\000o\000r\000t\000\040\000M\000a\000t\000h\000\040\000G\000u\000i\000d\000e\000\040\000f\000o\000r\000\040\000L\000a\000T\000e\000X}{section.135}% 61
\BOOKMARK [2][-]{subsection.138}{\376\377\000C\000o\000m\000m\000o\000n\000\040\000L\000a\000T\000e\000X\000\040\000M\000a\000t\000h\000\040\000S\000y\000m\000b\000o\000l\000s}{section.135}% 62
\BOOKMARK [2][-]{subsection.161}{\376\377\000L\000a\000T\000e\000X\000\040\000o\000n\000\040\000a\000\040\000M\000a\000c}{section.135}% 63
\BOOKMARK [1][-]{section.162}{\376\377\000G\000e\000t\000t\000i\000n\000g\000\040\000S\000t\000a\000r\000t\000e\000d\000\040\000w\000i\000t\000h\000\040\000t\000h\000i\000s\000\040\000T\000e\000m\000p\000l\000a\000t\000e}{chapter.133}% 64
\BOOKMARK [2][-]{subsection.163}{\376\377\000A\000b\000o\000u\000t\000\040\000t\000h\000i\000s\000\040\000T\000e\000m\000p\000l\000a\000t\000e}{section.162}% 65
\BOOKMARK [1][-]{section.164}{\376\377\000W\000h\000a\000t\000\040\000t\000h\000i\000s\000\040\000T\000e\000m\000p\000l\000a\000t\000e\000\040\000I\000n\000c\000l\000u\000d\000e\000s}{chapter.133}% 66
\BOOKMARK [2][-]{subsection.165}{\376\377\000F\000o\000l\000d\000e\000r\000s}{section.164}% 67
\BOOKMARK [2][-]{subsection.166}{\376\377\000F\000i\000l\000e\000s}{section.164}% 68
\BOOKMARK [1][-]{section.167}{\376\377\000F\000i\000l\000l\000i\000n\000g\000\040\000i\000n\000\040\000Y\000o\000u\000r\000\040\000I\000n\000f\000o\000r\000m\000a\000t\000i\000o\000n\000\040\000i\000n\000\040\000t\000h\000e\000\040\000m\000a\000i\000n\000.\000t\000e\000x\000\040\000F\000i\000l\000e}{chapter.133}% 69
\BOOKMARK [1][-]{section.168}{\376\377\000T\000h\000e\000\040\000m\000a\000i\000n\000.\000t\000e\000x\000\040\000F\000i\000l\000e\000\040\000E\000x\000p\000l\000a\000i\000n\000e\000d}{chapter.133}% 70
\BOOKMARK [1][-]{section.169}{\376\377\000T\000h\000e\000s\000i\000s\000\040\000F\000e\000a\000t\000u\000r\000e\000s\000\040\000a\000n\000d\000\040\000C\000o\000n\000v\000e\000n\000t\000i\000o\000n\000s}{chapter.133}% 71
\BOOKMARK [2][-]{subsection.170}{\376\377\000P\000r\000i\000n\000t\000i\000n\000g\000\040\000F\000o\000r\000m\000a\000t}{section.169}% 72
\BOOKMARK [2][-]{subsection.171}{\376\377\000U\000s\000i\000n\000g\000\040\000U\000S\000\040\000L\000e\000t\000t\000e\000r\000\040\000P\000a\000p\000e\000r}{section.169}% 73
\BOOKMARK [2][-]{subsection.172}{\376\377\000R\000e\000f\000e\000r\000e\000n\000c\000e\000s}{section.169}% 74
\BOOKMARK [3][-]{subsubsection.174}{\376\377\000A\000\040\000N\000o\000t\000e\000\040\000o\000n\000\040\000b\000i\000b\000t\000e\000x}{subsection.172}% 75
\BOOKMARK [2][-]{subsection.175}{\376\377\000T\000a\000b\000l\000e\000s}{section.169}% 76
\BOOKMARK [2][-]{subsection.177}{\376\377\000F\000i\000g\000u\000r\000e\000s}{section.169}% 77
\BOOKMARK [2][-]{subsection.179}{\376\377\000T\000y\000p\000e\000s\000e\000t\000t\000i\000n\000g\000\040\000m\000a\000t\000h\000e\000m\000a\000t\000i\000c\000s}{section.169}% 78
\BOOKMARK [1][-]{section.181}{\376\377\000S\000e\000c\000t\000i\000o\000n\000i\000n\000g\000\040\000a\000n\000d\000\040\000S\000u\000b\000s\000e\000c\000t\000i\000o\000n\000i\000n\000g}{chapter.133}% 79
\BOOKMARK [1][-]{section.182}{\376\377\000I\000n\000\040\000C\000l\000o\000s\000i\000n\000g}{chapter.133}% 80
\BOOKMARK [0][-]{chapter.183}{\376\377\000M\000e\000m\000o\000r\000y\000\040\000C\000o\000m\000p\000l\000e\000x\000i\000t\000y}{}% 81
\BOOKMARK [1][-]{section.184}{\376\377\000W\000e\000l\000c\000o\000m\000e\000\040\000a\000n\000d\000\040\000T\000h\000a\000n\000k\000\040\000Y\000o\000u}{chapter.183}% 82
\BOOKMARK [1][-]{section.185}{\376\377\000L\000e\000a\000r\000n\000i\000n\000g\000\040\000a\000l\000g\000e\000b\000r\000a\000\040\0001\000m\000u\0007\000\040\000.\0002\000m\000u\000\040\0004\000.\0002\000m\000u\000.\0001\000m\000u}{chapter.183}% 83
\BOOKMARK [2][-]{subsection.186}{\376\377\000A\000\040\000\050\000n\000o\000t\000\040\000s\000o\000\040\000s\000h\000o\000r\000t\000\051\000\040\000I\000n\000t\000r\000o\000d\000u\000c\000t\000i\000o\000n\000\040\000t\000o\000\040\000L\000a\000T\000e\000X\000d}{section.185}% 84
\BOOKMARK [2][-]{subsection.187}{\376\377\000A\000\040\000S\000h\000o\000r\000t\000\040\000M\000a\000t\000h\000\040\000G\000u\000i\000d\000e\000\040\000f\000o\000r\000\040\000L\000a\000T\000e\000X}{section.185}% 85
\BOOKMARK [2][-]{subsection.188}{\376\377\000C\000o\000m\000m\000o\000n\000\040\000L\000a\000T\000e\000X\000\040\000M\000a\000t\000h\000\040\000S\000y\000m\000b\000o\000l\000s}{section.185}% 86
\BOOKMARK [2][-]{subsection.211}{\376\377\000L\000a\000T\000e\000X\000\040\000o\000n\000\040\000a\000\040\000M\000a\000c}{section.185}% 87
\BOOKMARK [1][-]{section.212}{\376\377\000G\000e\000t\000t\000i\000n\000g\000\040\000S\000t\000a\000r\000t\000e\000d\000\040\000w\000i\000t\000h\000\040\000t\000h\000i\000s\000\040\000T\000e\000m\000p\000l\000a\000t\000e}{chapter.183}% 88
\BOOKMARK [2][-]{subsection.213}{\376\377\000A\000b\000o\000u\000t\000\040\000t\000h\000i\000s\000\040\000T\000e\000m\000p\000l\000a\000t\000e}{section.212}% 89
\BOOKMARK [1][-]{section.214}{\376\377\000W\000h\000a\000t\000\040\000t\000h\000i\000s\000\040\000T\000e\000m\000p\000l\000a\000t\000e\000\040\000I\000n\000c\000l\000u\000d\000e\000s}{chapter.183}% 90
\BOOKMARK [2][-]{subsection.215}{\376\377\000F\000o\000l\000d\000e\000r\000s}{section.214}% 91
\BOOKMARK [2][-]{subsection.216}{\376\377\000F\000i\000l\000e\000s}{section.214}% 92
\BOOKMARK [1][-]{section.217}{\376\377\000F\000i\000l\000l\000i\000n\000g\000\040\000i\000n\000\040\000Y\000o\000u\000r\000\040\000I\000n\000f\000o\000r\000m\000a\000t\000i\000o\000n\000\040\000i\000n\000\040\000t\000h\000e\000\040\000m\000a\000i\000n\000.\000t\000e\000x\000\040\000F\000i\000l\000e}{chapter.183}% 93
\BOOKMARK [1][-]{section.218}{\376\377\000T\000h\000e\000\040\000m\000a\000i\000n\000.\000t\000e\000x\000\040\000F\000i\000l\000e\000\040\000E\000x\000p\000l\000a\000i\000n\000e\000d}{chapter.183}% 94
\BOOKMARK [1][-]{section.219}{\376\377\000T\000h\000e\000s\000i\000s\000\040\000F\000e\000a\000t\000u\000r\000e\000s\000\040\000a\000n\000d\000\040\000C\000o\000n\000v\000e\000n\000t\000i\000o\000n\000s}{chapter.183}% 95
\BOOKMARK [2][-]{subsection.220}{\376\377\000P\000r\000i\000n\000t\000i\000n\000g\000\040\000F\000o\000r\000m\000a\000t}{section.219}% 96
\BOOKMARK [2][-]{subsection.221}{\376\377\000U\000s\000i\000n\000g\000\040\000U\000S\000\040\000L\000e\000t\000t\000e\000r\000\040\000P\000a\000p\000e\000r}{section.219}% 97
\BOOKMARK [2][-]{subsection.222}{\376\377\000R\000e\000f\000e\000r\000e\000n\000c\000e\000s}{section.219}% 98
\BOOKMARK [3][-]{subsubsection.224}{\376\377\000A\000\040\000N\000o\000t\000e\000\040\000o\000n\000\040\000b\000i\000b\000t\000e\000x}{subsection.222}% 99
\BOOKMARK [2][-]{subsection.225}{\376\377\000T\000a\000b\000l\000e\000s}{section.219}% 100
\BOOKMARK [2][-]{subsection.227}{\376\377\000F\000i\000g\000u\000r\000e\000s}{section.219}% 101
\BOOKMARK [2][-]{subsection.229}{\376\377\000T\000y\000p\000e\000s\000e\000t\000t\000i\000n\000g\000\040\000m\000a\000t\000h\000e\000m\000a\000t\000i\000c\000s}{section.219}% 102
\BOOKMARK [1][-]{section.231}{\376\377\000S\000e\000c\000t\000i\000o\000n\000i\000n\000g\000\040\000a\000n\000d\000\040\000S\000u\000b\000s\000e\000c\000t\000i\000o\000n\000i\000n\000g}{chapter.183}% 103
\BOOKMARK [1][-]{section.232}{\376\377\000I\000n\000\040\000C\000l\000o\000s\000i\000n\000g}{chapter.183}% 104
\BOOKMARK [0][-]{chapter.233}{\376\377\000L\000e\000a\000r\000n\000i\000n\000g}{}% 105
\BOOKMARK [1][-]{section.234}{\376\377\000W\000e\000l\000c\000o\000m\000e\000\040\000a\000n\000d\000\040\000T\000h\000a\000n\000k\000\040\000Y\000o\000u}{chapter.233}% 106
\BOOKMARK [1][-]{section.235}{\376\377\000L\000e\000a\000r\000n\000i\000n\000g\000\040\000a\000l\000g\000e\000b\000r\000a\000\040\0001\000m\000u\0007\000\040\000.\0002\000m\000u\000\040\0004\000.\0002\000m\000u\000.\0001\000m\000u}{chapter.233}% 107
\BOOKMARK [2][-]{subsection.236}{\376\377\000A\000\040\000\050\000n\000o\000t\000\040\000s\000o\000\040\000s\000h\000o\000r\000t\000\051\000\040\000I\000n\000t\000r\000o\000d\000u\000c\000t\000i\000o\000n\000\040\000t\000o\000\040\000L\000a\000T\000e\000X\000d}{section.235}% 108
\BOOKMARK [2][-]{subsection.237}{\376\377\000A\000\040\000S\000h\000o\000r\000t\000\040\000M\000a\000t\000h\000\040\000G\000u\000i\000d\000e\000\040\000f\000o\000r\000\040\000L\000a\000T\000e\000X}{section.235}% 109
\BOOKMARK [2][-]{subsection.238}{\376\377\000C\000o\000m\000m\000o\000n\000\040\000L\000a\000T\000e\000X\000\040\000M\000a\000t\000h\000\040\000S\000y\000m\000b\000o\000l\000s}{section.235}% 110
\BOOKMARK [2][-]{subsection.261}{\376\377\000L\000a\000T\000e\000X\000\040\000o\000n\000\040\000a\000\040\000M\000a\000c}{section.235}% 111
\BOOKMARK [1][-]{section.262}{\376\377\000G\000e\000t\000t\000i\000n\000g\000\040\000S\000t\000a\000r\000t\000e\000d\000\040\000w\000i\000t\000h\000\040\000t\000h\000i\000s\000\040\000T\000e\000m\000p\000l\000a\000t\000e}{chapter.233}% 112
\BOOKMARK [2][-]{subsection.263}{\376\377\000A\000b\000o\000u\000t\000\040\000t\000h\000i\000s\000\040\000T\000e\000m\000p\000l\000a\000t\000e}{section.262}% 113
\BOOKMARK [1][-]{section.264}{\376\377\000W\000h\000a\000t\000\040\000t\000h\000i\000s\000\040\000T\000e\000m\000p\000l\000a\000t\000e\000\040\000I\000n\000c\000l\000u\000d\000e\000s}{chapter.233}% 114
\BOOKMARK [2][-]{subsection.265}{\376\377\000F\000o\000l\000d\000e\000r\000s}{section.264}% 115
\BOOKMARK [2][-]{subsection.266}{\376\377\000F\000i\000l\000e\000s}{section.264}% 116
\BOOKMARK [1][-]{section.267}{\376\377\000F\000i\000l\000l\000i\000n\000g\000\040\000i\000n\000\040\000Y\000o\000u\000r\000\040\000I\000n\000f\000o\000r\000m\000a\000t\000i\000o\000n\000\040\000i\000n\000\040\000t\000h\000e\000\040\000m\000a\000i\000n\000.\000t\000e\000x\000\040\000F\000i\000l\000e}{chapter.233}% 117
\BOOKMARK [1][-]{section.268}{\376\377\000T\000h\000e\000\040\000m\000a\000i\000n\000.\000t\000e\000x\000\040\000F\000i\000l\000e\000\040\000E\000x\000p\000l\000a\000i\000n\000e\000d}{chapter.233}% 118
\BOOKMARK [1][-]{section.269}{\376\377\000T\000h\000e\000s\000i\000s\000\040\000F\000e\000a\000t\000u\000r\000e\000s\000\040\000a\000n\000d\000\040\000C\000o\000n\000v\000e\000n\000t\000i\000o\000n\000s}{chapter.233}% 119
\BOOKMARK [2][-]{subsection.270}{\376\377\000P\000r\000i\000n\000t\000i\000n\000g\000\040\000F\000o\000r\000m\000a\000t}{section.269}% 120
\BOOKMARK [2][-]{subsection.271}{\376\377\000U\000s\000i\000n\000g\000\040\000U\000S\000\040\000L\000e\000t\000t\000e\000r\000\040\000P\000a\000p\000e\000r}{section.269}% 121
\BOOKMARK [2][-]{subsection.272}{\376\377\000R\000e\000f\000e\000r\000e\000n\000c\000e\000s}{section.269}% 122
\BOOKMARK [3][-]{subsubsection.274}{\376\377\000A\000\040\000N\000o\000t\000e\000\040\000o\000n\000\040\000b\000i\000b\000t\000e\000x}{subsection.272}% 123
\BOOKMARK [2][-]{subsection.275}{\376\377\000T\000a\000b\000l\000e\000s}{section.269}% 124
\BOOKMARK [2][-]{subsection.277}{\376\377\000F\000i\000g\000u\000r\000e\000s}{section.269}% 125
\BOOKMARK [2][-]{subsection.279}{\376\377\000T\000y\000p\000e\000s\000e\000t\000t\000i\000n\000g\000\040\000m\000a\000t\000h\000e\000m\000a\000t\000i\000c\000s}{section.269}% 126
\BOOKMARK [1][-]{section.281}{\376\377\000S\000e\000c\000t\000i\000o\000n\000i\000n\000g\000\040\000a\000n\000d\000\040\000S\000u\000b\000s\000e\000c\000t\000i\000o\000n\000i\000n\000g}{chapter.233}% 127
\BOOKMARK [1][-]{section.282}{\376\377\000I\000n\000\040\000C\000l\000o\000s\000i\000n\000g}{chapter.233}% 128
\BOOKMARK [0][-]{chapter.283}{\376\377\000R\000e\000s\000u\000l\000t\000s}{}% 129
\BOOKMARK [1][-]{section.284}{\376\377\000W\000e\000l\000c\000o\000m\000e\000\040\000a\000n\000d\000\040\000T\000h\000a\000n\000k\000\040\000Y\000o\000u}{chapter.283}% 130
\BOOKMARK [1][-]{section.285}{\376\377\000L\000e\000a\000r\000n\000i\000n\000g\000\040\000a\000l\000g\000e\000b\000r\000a\000\040\0001\000m\000u\0007\000\040\000.\0002\000m\000u\000\040\0004\000.\0002\000m\000u\000.\0001\000m\000u}{chapter.283}% 131
\BOOKMARK [2][-]{subsection.286}{\376\377\000A\000\040\000\050\000n\000o\000t\000\040\000s\000o\000\040\000s\000h\000o\000r\000t\000\051\000\040\000I\000n\000t\000r\000o\000d\000u\000c\000t\000i\000o\000n\000\040\000t\000o\000\040\000L\000a\000T\000e\000X\000d}{section.285}% 132
\BOOKMARK [2][-]{subsection.287}{\376\377\000A\000\040\000S\000h\000o\000r\000t\000\040\000M\000a\000t\000h\000\040\000G\000u\000i\000d\000e\000\040\000f\000o\000r\000\040\000L\000a\000T\000e\000X}{section.285}% 133
\BOOKMARK [2][-]{subsection.288}{\376\377\000C\000o\000m\000m\000o\000n\000\040\000L\000a\000T\000e\000X\000\040\000M\000a\000t\000h\000\040\000S\000y\000m\000b\000o\000l\000s}{section.285}% 134
\BOOKMARK [2][-]{subsection.311}{\376\377\000L\000a\000T\000e\000X\000\040\000o\000n\000\040\000a\000\040\000M\000a\000c}{section.285}% 135
\BOOKMARK [1][-]{section.312}{\376\377\000G\000e\000t\000t\000i\000n\000g\000\040\000S\000t\000a\000r\000t\000e\000d\000\040\000w\000i\000t\000h\000\040\000t\000h\000i\000s\000\040\000T\000e\000m\000p\000l\000a\000t\000e}{chapter.283}% 136
\BOOKMARK [2][-]{subsection.313}{\376\377\000A\000b\000o\000u\000t\000\040\000t\000h\000i\000s\000\040\000T\000e\000m\000p\000l\000a\000t\000e}{section.312}% 137
\BOOKMARK [1][-]{section.314}{\376\377\000W\000h\000a\000t\000\040\000t\000h\000i\000s\000\040\000T\000e\000m\000p\000l\000a\000t\000e\000\040\000I\000n\000c\000l\000u\000d\000e\000s}{chapter.283}% 138
\BOOKMARK [2][-]{subsection.315}{\376\377\000F\000o\000l\000d\000e\000r\000s}{section.314}% 139
\BOOKMARK [2][-]{subsection.316}{\376\377\000F\000i\000l\000e\000s}{section.314}% 140
\BOOKMARK [1][-]{section.317}{\376\377\000F\000i\000l\000l\000i\000n\000g\000\040\000i\000n\000\040\000Y\000o\000u\000r\000\040\000I\000n\000f\000o\000r\000m\000a\000t\000i\000o\000n\000\040\000i\000n\000\040\000t\000h\000e\000\040\000m\000a\000i\000n\000.\000t\000e\000x\000\040\000F\000i\000l\000e}{chapter.283}% 141
\BOOKMARK [1][-]{section.318}{\376\377\000T\000h\000e\000\040\000m\000a\000i\000n\000.\000t\000e\000x\000\040\000F\000i\000l\000e\000\040\000E\000x\000p\000l\000a\000i\000n\000e\000d}{chapter.283}% 142
\BOOKMARK [1][-]{section.319}{\376\377\000T\000h\000e\000s\000i\000s\000\040\000F\000e\000a\000t\000u\000r\000e\000s\000\040\000a\000n\000d\000\040\000C\000o\000n\000v\000e\000n\000t\000i\000o\000n\000s}{chapter.283}% 143
\BOOKMARK [2][-]{subsection.320}{\376\377\000P\000r\000i\000n\000t\000i\000n\000g\000\040\000F\000o\000r\000m\000a\000t}{section.319}% 144
\BOOKMARK [2][-]{subsection.321}{\376\377\000U\000s\000i\000n\000g\000\040\000U\000S\000\040\000L\000e\000t\000t\000e\000r\000\040\000P\000a\000p\000e\000r}{section.319}% 145
\BOOKMARK [2][-]{subsection.322}{\376\377\000R\000e\000f\000e\000r\000e\000n\000c\000e\000s}{section.319}% 146
\BOOKMARK [3][-]{subsubsection.324}{\376\377\000A\000\040\000N\000o\000t\000e\000\040\000o\000n\000\040\000b\000i\000b\000t\000e\000x}{subsection.322}% 147
\BOOKMARK [2][-]{subsection.325}{\376\377\000T\000a\000b\000l\000e\000s}{section.319}% 148
\BOOKMARK [2][-]{subsection.327}{\376\377\000F\000i\000g\000u\000r\000e\000s}{section.319}% 149
\BOOKMARK [2][-]{subsection.329}{\376\377\000T\000y\000p\000e\000s\000e\000t\000t\000i\000n\000g\000\040\000m\000a\000t\000h\000e\000m\000a\000t\000i\000c\000s}{section.319}% 150
\BOOKMARK [1][-]{section.331}{\376\377\000S\000e\000c\000t\000i\000o\000n\000i\000n\000g\000\040\000a\000n\000d\000\040\000S\000u\000b\000s\000e\000c\000t\000i\000o\000n\000i\000n\000g}{chapter.283}% 151
\BOOKMARK [1][-]{section.332}{\376\377\000I\000n\000\040\000C\000l\000o\000s\000i\000n\000g}{chapter.283}% 152
\BOOKMARK [0][-]{chapter.333}{\376\377\000C\000o\000n\000c\000l\000u\000s\000i\000o\000n\000s\000\040\000a\000n\000d\000\040\000d\000i\000s\000c\000u\000s\000s\000i\000o\000n}{}% 153
\BOOKMARK [1][-]{section.334}{\376\377\000W\000e\000l\000c\000o\000m\000e\000\040\000a\000n\000d\000\040\000T\000h\000a\000n\000k\000\040\000Y\000o\000u}{chapter.333}% 154
\BOOKMARK [1][-]{section.335}{\376\377\000L\000e\000a\000r\000n\000i\000n\000g\000\040\000a\000l\000g\000e\000b\000r\000a\000\040\0001\000m\000u\0007\000\040\000.\0002\000m\000u\000\040\0004\000.\0002\000m\000u\000.\0001\000m\000u}{chapter.333}% 155
\BOOKMARK [2][-]{subsection.336}{\376\377\000A\000\040\000\050\000n\000o\000t\000\040\000s\000o\000\040\000s\000h\000o\000r\000t\000\051\000\040\000I\000n\000t\000r\000o\000d\000u\000c\000t\000i\000o\000n\000\040\000t\000o\000\040\000L\000a\000T\000e\000X\000d}{section.335}% 156
\BOOKMARK [2][-]{subsection.337}{\376\377\000A\000\040\000S\000h\000o\000r\000t\000\040\000M\000a\000t\000h\000\040\000G\000u\000i\000d\000e\000\040\000f\000o\000r\000\040\000L\000a\000T\000e\000X}{section.335}% 157
\BOOKMARK [2][-]{subsection.338}{\376\377\000C\000o\000m\000m\000o\000n\000\040\000L\000a\000T\000e\000X\000\040\000M\000a\000t\000h\000\040\000S\000y\000m\000b\000o\000l\000s}{section.335}% 158
\BOOKMARK [2][-]{subsection.361}{\376\377\000L\000a\000T\000e\000X\000\040\000o\000n\000\040\000a\000\040\000M\000a\000c}{section.335}% 159
\BOOKMARK [1][-]{section.362}{\376\377\000G\000e\000t\000t\000i\000n\000g\000\040\000S\000t\000a\000r\000t\000e\000d\000\040\000w\000i\000t\000h\000\040\000t\000h\000i\000s\000\040\000T\000e\000m\000p\000l\000a\000t\000e}{chapter.333}% 160
\BOOKMARK [2][-]{subsection.363}{\376\377\000A\000b\000o\000u\000t\000\040\000t\000h\000i\000s\000\040\000T\000e\000m\000p\000l\000a\000t\000e}{section.362}% 161
\BOOKMARK [1][-]{section.364}{\376\377\000W\000h\000a\000t\000\040\000t\000h\000i\000s\000\040\000T\000e\000m\000p\000l\000a\000t\000e\000\040\000I\000n\000c\000l\000u\000d\000e\000s}{chapter.333}% 162
\BOOKMARK [2][-]{subsection.365}{\376\377\000F\000o\000l\000d\000e\000r\000s}{section.364}% 163
\BOOKMARK [2][-]{subsection.366}{\376\377\000F\000i\000l\000e\000s}{section.364}% 164
\BOOKMARK [1][-]{section.367}{\376\377\000F\000i\000l\000l\000i\000n\000g\000\040\000i\000n\000\040\000Y\000o\000u\000r\000\040\000I\000n\000f\000o\000r\000m\000a\000t\000i\000o\000n\000\040\000i\000n\000\040\000t\000h\000e\000\040\000m\000a\000i\000n\000.\000t\000e\000x\000\040\000F\000i\000l\000e}{chapter.333}% 165
\BOOKMARK [1][-]{section.368}{\376\377\000T\000h\000e\000\040\000m\000a\000i\000n\000.\000t\000e\000x\000\040\000F\000i\000l\000e\000\040\000E\000x\000p\000l\000a\000i\000n\000e\000d}{chapter.333}% 166
\BOOKMARK [1][-]{section.369}{\376\377\000T\000h\000e\000s\000i\000s\000\040\000F\000e\000a\000t\000u\000r\000e\000s\000\040\000a\000n\000d\000\040\000C\000o\000n\000v\000e\000n\000t\000i\000o\000n\000s}{chapter.333}% 167
\BOOKMARK [2][-]{subsection.370}{\376\377\000P\000r\000i\000n\000t\000i\000n\000g\000\040\000F\000o\000r\000m\000a\000t}{section.369}% 168
\BOOKMARK [2][-]{subsection.371}{\376\377\000U\000s\000i\000n\000g\000\040\000U\000S\000\040\000L\000e\000t\000t\000e\000r\000\040\000P\000a\000p\000e\000r}{section.369}% 169
\BOOKMARK [2][-]{subsection.372}{\376\377\000R\000e\000f\000e\000r\000e\000n\000c\000e\000s}{section.369}% 170
\BOOKMARK [3][-]{subsubsection.374}{\376\377\000A\000\040\000N\000o\000t\000e\000\040\000o\000n\000\040\000b\000i\000b\000t\000e\000x}{subsection.372}% 171
\BOOKMARK [2][-]{subsection.375}{\376\377\000T\000a\000b\000l\000e\000s}{section.369}% 172
\BOOKMARK [2][-]{subsection.377}{\376\377\000F\000i\000g\000u\000r\000e\000s}{section.369}% 173
\BOOKMARK [2][-]{subsection.379}{\376\377\000T\000y\000p\000e\000s\000e\000t\000t\000i\000n\000g\000\040\000m\000a\000t\000h\000e\000m\000a\000t\000i\000c\000s}{section.369}% 174
\BOOKMARK [1][-]{section.381}{\376\377\000S\000e\000c\000t\000i\000o\000n\000i\000n\000g\000\040\000a\000n\000d\000\040\000S\000u\000b\000s\000e\000c\000t\000i\000o\000n\000i\000n\000g}{chapter.333}% 175
\BOOKMARK [1][-]{section.382}{\376\377\000I\000n\000\040\000C\000l\000o\000s\000i\000n\000g}{chapter.333}% 176
\BOOKMARK [0][-]{appendix.383}{\376\377\000A\000p\000p\000e\000n\000d\000i\000x\000\040\000T\000i\000t\000l\000e\000\040\000H\000e\000r\000e}{}% 177
\BOOKMARK [0][-]{appendix*.384}{\376\377\000B\000i\000b\000l\000i\000o\000g\000r\000a\000p\000h\000y}{}% 178
